
> ai-superman@1.0.0 start
> node dist/index.js

[32minfo[39m: OpenTelemetry SDK initialized successfully {"service":"azure-ai-foundry-agents","timestamp":"2025-07-29T06:51:28.905Z"}
(node:19563) [DEP0040] DeprecationWarning: The `punycode` module is deprecated. Please use a userland alternative instead.
(Use `node --trace-deprecation ...` to show where the warning was created)
[32minfo[39m: AI Superman server started {"environment":"development","port":3000,"service":"azure-ai-foundry-agents","timestamp":"2025-07-29T06:51:28.930Z"}
[32minfo[39m: Trace started {"operation":"http.get./ultra-modern.html","service":"azure-ai-foundry-agents","spanId":"ba1232c4ff5765bd","status":"started","timestamp":"2025-07-29T06:51:29.128Z","traceId":"a6275944-d5f2-4e07-a88e-27c5fb9e01f8"}
[32minfo[39m: Trace ended {"duration":0,"operation":"http.get./ultra-modern.html","service":"azure-ai-foundry-agents","spanId":"ba1232c4ff5765bd","status":"completed","timestamp":"2025-07-29T06:51:29.138Z","traceId":"a6275944-d5f2-4e07-a88e-27c5fb9e01f8"}
[32minfo[39m: Client connected to WebSocket {"service":"azure-ai-foundry-agents","socketId":"5Gmz8melt489oxPLAAAB","timestamp":"2025-07-29T06:51:30.166Z"}
[32minfo[39m: Trace started {"operation":"http.get./ultra-modern.html","service":"azure-ai-foundry-agents","spanId":"ca14efcca2ef7a2d","status":"started","timestamp":"2025-07-29T06:51:53.071Z","traceId":"3b1a78f8-bc35-47b7-a159-45e92146f4a4"}
[32minfo[39m: Trace ended {"duration":0,"operation":"http.get./ultra-modern.html","service":"azure-ai-foundry-agents","spanId":"ca14efcca2ef7a2d","status":"completed","timestamp":"2025-07-29T06:51:53.075Z","traceId":"3b1a78f8-bc35-47b7-a159-45e92146f4a4"}
[32minfo[39m: Client disconnected from WebSocket {"service":"azure-ai-foundry-agents","socketId":"5Gmz8melt489oxPLAAAB","timestamp":"2025-07-29T06:51:53.123Z"}
[32minfo[39m: Client connected to WebSocket {"service":"azure-ai-foundry-agents","socketId":"ANs15xJG5T9JqXqZAAAD","timestamp":"2025-07-29T06:51:53.288Z"}
[32minfo[39m: Trace started {"operation":"http.get./favicon.ico","service":"azure-ai-foundry-agents","spanId":"ed030ec1b5bc9c6c","status":"started","timestamp":"2025-07-29T06:51:53.505Z","traceId":"989e64f1-cfe7-48db-9ff0-78b5a7701fa9"}
[32minfo[39m: Trace ended {"duration":0,"operation":"http.get./favicon.ico","service":"azure-ai-foundry-agents","spanId":"ed030ec1b5bc9c6c","status":"completed","timestamp":"2025-07-29T06:51:53.508Z","traceId":"989e64f1-cfe7-48db-9ff0-78b5a7701fa9"}
[32minfo[39m: Trace started {"operation":"http.post./api/process-diagram","service":"azure-ai-foundry-agents","spanId":"65f095b08677f49b","status":"started","timestamp":"2025-07-29T06:52:00.492Z","traceId":"2e86b6e3-e9e0-4c84-89e5-85973c14f31c"}
[32minfo[39m: Processing diagram upload {"fileName":"AWS-Architecture-1-e1632285931271.png","fileSize":21605,"service":"azure-ai-foundry-agents","timestamp":"2025-07-29T06:52:00.502Z","traceId":"2e86b6e3-e9e0-4c84-89e5-85973c14f31c"}
[32minfo[39m: Trace ended {"duration":0,"operation":"http.post./api/process-diagram","service":"azure-ai-foundry-agents","spanId":"65f095b08677f49b","status":"completed","timestamp":"2025-07-29T06:52:00.506Z","traceId":"2e86b6e3-e9e0-4c84-89e5-85973c14f31c"}
[32minfo[39m: Trace started {"operation":"orchestrator.processArchitectureDiagram","service":"azure-ai-foundry-agents","spanId":"bccfceed0314e1e7","status":"started","timestamp":"2025-07-29T06:52:00.507Z","traceId":"2e86b6e3-e9e0-4c84-89e5-85973c14f31c"}
[32minfo[39m: Starting architecture diagram processing {"fileName":"AWS-Architecture-1-e1632285931271.png","fileSize":21605,"service":"azure-ai-foundry-agents","timestamp":"2025-07-29T06:52:00.508Z","traceId":"2e86b6e3-e9e0-4c84-89e5-85973c14f31c"}
[32minfo[39m: Emitting processing update {"agent":"orchestrator","progress":0,"service":"azure-ai-foundry-agents","status":"in_progress","step":"initializing","timestamp":"2025-07-29T06:52:00.508Z","traceId":"2e86b6e3-e9e0-4c84-89e5-85973c14f31c"}
[32minfo[39m: Emitting processing update {"agent":"analyzer","progress":0,"service":"azure-ai-foundry-agents","status":"starting","step":"extractArchitecture","timestamp":"2025-07-29T06:52:00.510Z","traceId":"2e86b6e3-e9e0-4c84-89e5-85973c14f31c"}
[32minfo[39m: Emitting processing update {"agent":"orchestrator","progress":10,"service":"azure-ai-foundry-agents","status":"in_progress","step":"analyzing diagram","timestamp":"2025-07-29T06:52:00.511Z","traceId":"2e86b6e3-e9e0-4c84-89e5-85973c14f31c"}
[32minfo[39m: Trace started {"operation":"analyzer.extractArchitecture","service":"azure-ai-foundry-agents","spanId":"2b045d29b3c917d5","status":"started","timestamp":"2025-07-29T06:52:00.512Z","traceId":"2e86b6e3-e9e0-4c84-89e5-85973c14f31c"}
[32minfo[39m: Agent request: analyzer {"input":{"fileName":"AWS-Architecture-1-e1632285931271.png","fileSize":21605},"operation":"analyzer.extractArchitecture","service":"azure-ai-foundry-agents","timestamp":"2025-07-29T06:52:00.513Z","traceId":"2e86b6e3-e9e0-4c84-89e5-85973c14f31c"}
[32minfo[39m: Starting diagram analysis {"fileName":"AWS-Architecture-1-e1632285931271.png","service":"azure-ai-foundry-agents","timestamp":"2025-07-29T06:52:00.515Z","traceId":"2e86b6e3-e9e0-4c84-89e5-85973c14f31c"}
[32minfo[39m: Client subscribed to trace {"service":"azure-ai-foundry-agents","socketId":"ANs15xJG5T9JqXqZAAAD","timestamp":"2025-07-29T06:52:00.521Z","traceId":"2e86b6e3-e9e0-4c84-89e5-85973c14f31c"}
[32minfo[39m: Processing file {"format":"png","originalName":"AWS-Architecture-1-e1632285931271.png","service":"azure-ai-foundry-agents","size":21605,"timestamp":"2025-07-29T06:52:00.523Z"}
[32minfo[39m: File processed successfully {"dimensions":{"height":629,"width":984},"hasExtractedData":true,"originalFormat":"png","service":"azure-ai-foundry-agents","timestamp":"2025-07-29T06:52:00.528Z","traceId":"2e86b6e3-e9e0-4c84-89e5-85973c14f31c"}
[32minfo[39m: Validating diagram for Azure content {"format":"png","service":"azure-ai-foundry-agents","timestamp":"2025-07-29T06:52:00.530Z","traceId":"2e86b6e3-e9e0-4c84-89e5-85973c14f31c"}
[32minfo[39m: Content extracted for validation {"contentLength":170,"hasContent":true,"service":"azure-ai-foundry-agents","timestamp":"2025-07-29T06:52:00.530Z","traceId":"2e86b6e3-e9e0-4c84-89e5-85973c14f31c"}
[32minfo[39m: Validation results {"azureMatches":0,"foundAzureKeywords":[],"foundNonAzureKeywords":["aws"],"nonAzureMatches":1,"service":"azure-ai-foundry-agents","timestamp":"2025-07-29T06:52:00.531Z","traceId":"2e86b6e3-e9e0-4c84-89e5-85973c14f31c"}
[33mwarn[39m: Non-Azure diagram rejected {"fileName":"AWS-Architecture-1-e1632285931271.png","reason":"contains-non-azure-keywords","service":"azure-ai-foundry-agents","timestamp":"2025-07-29T06:52:00.531Z","traceId":"2e86b6e3-e9e0-4c84-89e5-85973c14f31c"}
[31merror[39m: Diagram analysis failed {"error":"This diagram appears to be for AWS or other non-Azure platforms. AI Superman only processes Azure architecture diagrams. Please upload a diagram containing Azure services and resources.","service":"azure-ai-foundry-agents","timestamp":"2025-07-29T06:52:00.531Z","traceId":"2e86b6e3-e9e0-4c84-89e5-85973c14f31c"}
[31merror[39m: Agent error: analyzer {"duration":0,"error":"This diagram appears to be for AWS or other non-Azure platforms. AI Superman only processes Azure architecture diagrams. Please upload a diagram containing Azure services and resources.","operation":"analyzer.extractArchitecture","output":null,"service":"azure-ai-foundry-agents","status":"error","timestamp":"2025-07-29T06:52:00.532Z","traceId":"2e86b6e3-e9e0-4c84-89e5-85973c14f31c"}
[32minfo[39m: Trace ended {"duration":0,"metadata":{"error":"This diagram appears to be for AWS or other non-Azure platforms. AI Superman only processes Azure architecture diagrams. Please upload a diagram containing Azure services and resources."},"operation":"analyzer.extractArchitecture","service":"azure-ai-foundry-agents","spanId":"2b045d29b3c917d5","status":"failed","timestamp":"2025-07-29T06:52:00.532Z","traceId":"2e86b6e3-e9e0-4c84-89e5-85973c14f31c"}
[31merror[39m: Architecture diagram processing failed {"error":"This diagram appears to be for AWS or other non-Azure platforms. AI Superman only processes Azure architecture diagrams. Please upload a diagram containing Azure services and resources.","processingTime":25,"service":"azure-ai-foundry-agents","timestamp":"2025-07-29T06:52:00.533Z","traceId":"2e86b6e3-e9e0-4c84-89e5-85973c14f31c"}
[32minfo[39m: Emitting processing update {"agent":"orchestrator","progress":0,"service":"azure-ai-foundry-agents","status":"error","step":"processing","timestamp":"2025-07-29T06:52:00.533Z","traceId":"2e86b6e3-e9e0-4c84-89e5-85973c14f31c"}
[32minfo[39m: Trace ended {"duration":0,"metadata":{"error":"This diagram appears to be for AWS or other non-Azure platforms. AI Superman only processes Azure architecture diagrams. Please upload a diagram containing Azure services and resources."},"operation":"orchestrator.processArchitectureDiagram","service":"azure-ai-foundry-agents","spanId":"bccfceed0314e1e7","status":"failed","timestamp":"2025-07-29T06:52:00.534Z","traceId":"2e86b6e3-e9e0-4c84-89e5-85973c14f31c"}
[31merror[39m: Async diagram processing failed {"error":"This diagram appears to be for AWS or other non-Azure platforms. AI Superman only processes Azure architecture diagrams. Please upload a diagram containing Azure services and resources.","service":"azure-ai-foundry-agents","timestamp":"2025-07-29T06:52:00.534Z","traceId":"2e86b6e3-e9e0-4c84-89e5-85973c14f31c"}
[32minfo[39m: Client disconnected from WebSocket {"service":"azure-ai-foundry-agents","socketId":"ANs15xJG5T9JqXqZAAAD","timestamp":"2025-07-29T07:03:06.436Z"}
[32minfo[39m: Client connected to WebSocket {"service":"azure-ai-foundry-agents","socketId":"29xfF8hcWjcFOIvVAAAF","timestamp":"2025-07-29T07:03:07.888Z"}
[32minfo[39m: Client disconnected from WebSocket {"service":"azure-ai-foundry-agents","socketId":"29xfF8hcWjcFOIvVAAAF","timestamp":"2025-07-29T07:11:19.531Z"}
[32minfo[39m: Client connected to WebSocket {"service":"azure-ai-foundry-agents","socketId":"zkqlf6xK4TzNl11TAAAH","timestamp":"2025-07-29T07:11:20.883Z"}
[32minfo[39m: Trace started {"operation":"http.get./ultra-modern.html","service":"azure-ai-foundry-agents","spanId":"f0a6ebade364e65f","status":"started","timestamp":"2025-07-29T07:19:16.848Z","traceId":"c042e999-8062-43c7-a57e-c2cd4e0d9113"}
[32minfo[39m: Trace ended {"duration":0,"operation":"http.get./ultra-modern.html","service":"azure-ai-foundry-agents","spanId":"f0a6ebade364e65f","status":"completed","timestamp":"2025-07-29T07:19:16.860Z","traceId":"c042e999-8062-43c7-a57e-c2cd4e0d9113"}
[32minfo[39m: Client disconnected from WebSocket {"service":"azure-ai-foundry-agents","socketId":"zkqlf6xK4TzNl11TAAAH","timestamp":"2025-07-29T07:19:16.885Z"}
[32minfo[39m: Client connected to WebSocket {"service":"azure-ai-foundry-agents","socketId":"UCIoIMwQMZrpXodFAAAJ","timestamp":"2025-07-29T07:19:17.146Z"}
[32minfo[39m: Trace started {"operation":"http.get./favicon.ico","service":"azure-ai-foundry-agents","spanId":"bad0737ad32cf475","status":"started","timestamp":"2025-07-29T07:19:17.565Z","traceId":"ded202d5-ae61-4a83-b0f1-f6a6a29f4eab"}
[32minfo[39m: Trace ended {"duration":0,"operation":"http.get./favicon.ico","service":"azure-ai-foundry-agents","spanId":"bad0737ad32cf475","status":"completed","timestamp":"2025-07-29T07:19:17.569Z","traceId":"ded202d5-ae61-4a83-b0f1-f6a6a29f4eab"}
[32minfo[39m: Trace started {"operation":"http.post./api/process-diagram","service":"azure-ai-foundry-agents","spanId":"925b1d0caee96bdc","status":"started","timestamp":"2025-07-29T07:19:23.930Z","traceId":"997828a2-c764-4ae1-9c3f-8fdd1192f199"}
[32minfo[39m: Processing diagram upload {"fileName":"AWS-Architecture-1-e1632285931271.png","fileSize":21605,"service":"azure-ai-foundry-agents","timestamp":"2025-07-29T07:19:23.935Z","traceId":"997828a2-c764-4ae1-9c3f-8fdd1192f199"}
[32minfo[39m: Trace ended {"duration":0,"operation":"http.post./api/process-diagram","service":"azure-ai-foundry-agents","spanId":"925b1d0caee96bdc","status":"completed","timestamp":"2025-07-29T07:19:23.938Z","traceId":"997828a2-c764-4ae1-9c3f-8fdd1192f199"}
[32minfo[39m: Trace started {"operation":"orchestrator.processArchitectureDiagram","service":"azure-ai-foundry-agents","spanId":"37e7848e2ee318f2","status":"started","timestamp":"2025-07-29T07:19:23.940Z","traceId":"997828a2-c764-4ae1-9c3f-8fdd1192f199"}
[32minfo[39m: Starting architecture diagram processing {"fileName":"AWS-Architecture-1-e1632285931271.png","fileSize":21605,"service":"azure-ai-foundry-agents","timestamp":"2025-07-29T07:19:23.942Z","traceId":"997828a2-c764-4ae1-9c3f-8fdd1192f199"}
[32minfo[39m: Emitting processing update {"agent":"orchestrator","progress":0,"service":"azure-ai-foundry-agents","status":"in_progress","step":"initializing","timestamp":"2025-07-29T07:19:23.942Z","traceId":"997828a2-c764-4ae1-9c3f-8fdd1192f199"}
[32minfo[39m: Emitting processing update {"agent":"analyzer","progress":0,"service":"azure-ai-foundry-agents","status":"starting","step":"extractArchitecture","timestamp":"2025-07-29T07:19:23.943Z","traceId":"997828a2-c764-4ae1-9c3f-8fdd1192f199"}
[32minfo[39m: Emitting processing update {"agent":"orchestrator","progress":10,"service":"azure-ai-foundry-agents","status":"in_progress","step":"analyzing diagram","timestamp":"2025-07-29T07:19:23.944Z","traceId":"997828a2-c764-4ae1-9c3f-8fdd1192f199"}
[32minfo[39m: Trace started {"operation":"analyzer.extractArchitecture","service":"azure-ai-foundry-agents","spanId":"1e8f1a0fec9079b9","status":"started","timestamp":"2025-07-29T07:19:23.945Z","traceId":"997828a2-c764-4ae1-9c3f-8fdd1192f199"}
[32minfo[39m: Agent request: analyzer {"input":{"fileName":"AWS-Architecture-1-e1632285931271.png","fileSize":21605},"operation":"analyzer.extractArchitecture","service":"azure-ai-foundry-agents","timestamp":"2025-07-29T07:19:23.945Z","traceId":"997828a2-c764-4ae1-9c3f-8fdd1192f199"}
[32minfo[39m: Starting diagram analysis {"fileName":"AWS-Architecture-1-e1632285931271.png","service":"azure-ai-foundry-agents","timestamp":"2025-07-29T07:19:23.946Z","traceId":"997828a2-c764-4ae1-9c3f-8fdd1192f199"}
[32minfo[39m: Client subscribed to trace {"service":"azure-ai-foundry-agents","socketId":"UCIoIMwQMZrpXodFAAAJ","timestamp":"2025-07-29T07:19:23.947Z","traceId":"997828a2-c764-4ae1-9c3f-8fdd1192f199"}
[32minfo[39m: Processing file {"format":"png","originalName":"AWS-Architecture-1-e1632285931271.png","service":"azure-ai-foundry-agents","size":21605,"timestamp":"2025-07-29T07:19:23.950Z"}
[32minfo[39m: File processed successfully {"dimensions":{"height":629,"width":984},"hasExtractedData":true,"originalFormat":"png","service":"azure-ai-foundry-agents","timestamp":"2025-07-29T07:19:23.973Z","traceId":"997828a2-c764-4ae1-9c3f-8fdd1192f199"}
[32minfo[39m: Validating diagram for Azure content {"format":"png","service":"azure-ai-foundry-agents","timestamp":"2025-07-29T07:19:23.973Z","traceId":"997828a2-c764-4ae1-9c3f-8fdd1192f199"}
[32minfo[39m: Content extracted for validation {"contentLength":170,"hasContent":true,"service":"azure-ai-foundry-agents","timestamp":"2025-07-29T07:19:23.974Z","traceId":"997828a2-c764-4ae1-9c3f-8fdd1192f199"}
[32minfo[39m: Validation results {"azureMatches":0,"foundAzureKeywords":[],"foundNonAzureKeywords":["aws"],"nonAzureMatches":1,"service":"azure-ai-foundry-agents","timestamp":"2025-07-29T07:19:23.974Z","traceId":"997828a2-c764-4ae1-9c3f-8fdd1192f199"}
[33mwarn[39m: Non-Azure diagram rejected {"fileName":"AWS-Architecture-1-e1632285931271.png","reason":"contains-non-azure-keywords","service":"azure-ai-foundry-agents","timestamp":"2025-07-29T07:19:23.974Z","traceId":"997828a2-c764-4ae1-9c3f-8fdd1192f199"}
[31merror[39m: Diagram analysis failed {"error":"This diagram appears to be for AWS or other non-Azure platforms. AI Superman only processes Azure architecture diagrams. Please upload a diagram containing Azure services and resources.","service":"azure-ai-foundry-agents","timestamp":"2025-07-29T07:19:23.975Z","traceId":"997828a2-c764-4ae1-9c3f-8fdd1192f199"}
[31merror[39m: Agent error: analyzer {"duration":0,"error":"This diagram appears to be for AWS or other non-Azure platforms. AI Superman only processes Azure architecture diagrams. Please upload a diagram containing Azure services and resources.","operation":"analyzer.extractArchitecture","output":null,"service":"azure-ai-foundry-agents","status":"error","timestamp":"2025-07-29T07:19:23.975Z","traceId":"997828a2-c764-4ae1-9c3f-8fdd1192f199"}
[32minfo[39m: Trace ended {"duration":0,"metadata":{"error":"This diagram appears to be for AWS or other non-Azure platforms. AI Superman only processes Azure architecture diagrams. Please upload a diagram containing Azure services and resources."},"operation":"analyzer.extractArchitecture","service":"azure-ai-foundry-agents","spanId":"1e8f1a0fec9079b9","status":"failed","timestamp":"2025-07-29T07:19:23.976Z","traceId":"997828a2-c764-4ae1-9c3f-8fdd1192f199"}
[31merror[39m: Architecture diagram processing failed {"error":"This diagram appears to be for AWS or other non-Azure platforms. AI Superman only processes Azure architecture diagrams. Please upload a diagram containing Azure services and resources.","processingTime":35,"service":"azure-ai-foundry-agents","timestamp":"2025-07-29T07:19:23.977Z","traceId":"997828a2-c764-4ae1-9c3f-8fdd1192f199"}
[32minfo[39m: Emitting processing update {"agent":"orchestrator","progress":0,"service":"azure-ai-foundry-agents","status":"error","step":"processing","timestamp":"2025-07-29T07:19:23.978Z","traceId":"997828a2-c764-4ae1-9c3f-8fdd1192f199"}
[32minfo[39m: Trace ended {"duration":0,"metadata":{"error":"This diagram appears to be for AWS or other non-Azure platforms. AI Superman only processes Azure architecture diagrams. Please upload a diagram containing Azure services and resources."},"operation":"orchestrator.processArchitectureDiagram","service":"azure-ai-foundry-agents","spanId":"37e7848e2ee318f2","status":"failed","timestamp":"2025-07-29T07:19:23.978Z","traceId":"997828a2-c764-4ae1-9c3f-8fdd1192f199"}
[31merror[39m: Async diagram processing failed {"error":"This diagram appears to be for AWS or other non-Azure platforms. AI Superman only processes Azure architecture diagrams. Please upload a diagram containing Azure services and resources.","service":"azure-ai-foundry-agents","timestamp":"2025-07-29T07:19:23.980Z","traceId":"997828a2-c764-4ae1-9c3f-8fdd1192f199"}
[32minfo[39m: Trace started {"operation":"http.get./ultra-modern.html","service":"azure-ai-foundry-agents","spanId":"928daa9bcbb5c5d9","status":"started","timestamp":"2025-07-29T07:19:36.628Z","traceId":"3e81c208-f136-4397-93a8-27449eac825d"}
[32minfo[39m: Trace ended {"duration":0,"operation":"http.get./ultra-modern.html","service":"azure-ai-foundry-agents","spanId":"928daa9bcbb5c5d9","status":"completed","timestamp":"2025-07-29T07:19:36.630Z","traceId":"3e81c208-f136-4397-93a8-27449eac825d"}
[32minfo[39m: Client disconnected from WebSocket {"service":"azure-ai-foundry-agents","socketId":"UCIoIMwQMZrpXodFAAAJ","timestamp":"2025-07-29T07:19:36.641Z"}
[32minfo[39m: Client connected to WebSocket {"service":"azure-ai-foundry-agents","socketId":"1kUhAcuFnS5_-QqrAAAL","timestamp":"2025-07-29T07:19:36.712Z"}
[32minfo[39m: Trace started {"operation":"http.get./favicon.ico","service":"azure-ai-foundry-agents","spanId":"423a8ca63a5fbbad","status":"started","timestamp":"2025-07-29T07:19:36.874Z","traceId":"ca5030a6-12da-4b23-a33b-37292e58ac11"}
[32minfo[39m: Trace ended {"duration":0,"operation":"http.get./favicon.ico","service":"azure-ai-foundry-agents","spanId":"423a8ca63a5fbbad","status":"completed","timestamp":"2025-07-29T07:19:36.877Z","traceId":"ca5030a6-12da-4b23-a33b-37292e58ac11"}
